Compiling the C compiler identification source file "CMakeCCompilerId.c" failed.
Compiler: /usr/bin/cc 
Build flags: 
Id flags:  

The output was:
72
cc: error: unable to locate a suitable SDK for the system
objc[65393]: Class AppleTypeCRetimerRestoreInfoHelper is implemented in both /usr/lib/libauthinstall.dylib (0x20229f458) and /Library/Apple/System/Library/PrivateFrameworks/MobileDevice.framework/Versions/A/MobileDevice (0x107b644f8). One of the two will be used. Which one is undefined.
objc[65393]: Class AppleTypeCRetimerFirmwareAggregateRequestCreator is implemented in both /usr/lib/libauthinstall.dylib (0x20229f4a8) and /Library/Apple/System/Library/PrivateFrameworks/MobileDevice.framework/Versions/A/MobileDevice (0x107b64548). One of the two will be used. Which one is undefined.
objc[65393]: Class AppleTypeCRetimerFirmwareRequestCreator is implemented in both /usr/lib/libauthinstall.dylib (0x20229f4f8) and /Library/Apple/System/Library/PrivateFrameworks/MobileDevice.framework/Versions/A/MobileDevice (0x107b64598). One of the two will be used. Which one is undefined.
objc[65393]: Class ATCRTRestoreInfoFTABFile is implemented in both /usr/lib/libauthinstall.dylib (0x20229f548) and /Library/Apple/System/Library/PrivateFrameworks/MobileDevice.framework/Versions/A/MobileDevice (0x107b645e8). One of the two will be used. Which one is undefined.
objc[65393]: Class AppleTypeCRetimerFirmwareCopier is implemented in both /usr/lib/libauthinstall.dylib (0x20229f598) and /Library/Apple/System/Library/PrivateFrameworks/MobileDevice.framework/Versions/A/MobileDevice (0x107b64638). One of the two will be used. Which one is undefined.
objc[65393]: Class ATCRTRestoreInfoFTABSubfile is implemented in both /usr/lib/libauthinstall.dylib (0x20229f5e8) and /Library/Apple/System/Library/PrivateFrameworks/MobileDevice.framework/Versions/A/MobileDevice (0x107b64688). One of the two will be used. Which one is undefined.
xcodebuild: error: Initialization failed.
	Reason: No macOS Platform was found, but Xcode requires a macOS Platform. You may have an incomplete or damaged installation of Xcode.
cc: error: sh -c '/Applications/Xcode.app/Contents/Developer/usr/bin/xcodebuild -sdk macosx -find clang 2> /dev/null' failed with exit code 17920: (null) (errno=No such file or directory)
xcode-select: Failed to locate 'clang', requesting installation of command line developer tools.


Compiling the C compiler identification source file "CMakeCCompilerId.c" failed.
Compiler: /usr/bin/cc 
Build flags: 
Id flags: -c 

The output was:
72
cc: error: unable to locate a suitable SDK for the system
objc[65398]: Class AppleTypeCRetimerRestoreInfoHelper is implemented in both /usr/lib/libauthinstall.dylib (0x20229f458) and /Library/Apple/System/Library/PrivateFrameworks/MobileDevice.framework/Versions/A/MobileDevice (0x1086844f8). One of the two will be used. Which one is undefined.
objc[65398]: Class AppleTypeCRetimerFirmwareAggregateRequestCreator is implemented in both /usr/lib/libauthinstall.dylib (0x20229f4a8) and /Library/Apple/System/Library/PrivateFrameworks/MobileDevice.framework/Versions/A/MobileDevice (0x108684548). One of the two will be used. Which one is undefined.
objc[65398]: Class AppleTypeCRetimerFirmwareRequestCreator is implemented in both /usr/lib/libauthinstall.dylib (0x20229f4f8) and /Library/Apple/System/Library/PrivateFrameworks/MobileDevice.framework/Versions/A/MobileDevice (0x108684598). One of the two will be used. Which one is undefined.
objc[65398]: Class ATCRTRestoreInfoFTABFile is implemented in both /usr/lib/libauthinstall.dylib (0x20229f548) and /Library/Apple/System/Library/PrivateFrameworks/MobileDevice.framework/Versions/A/MobileDevice (0x1086845e8). One of the two will be used. Which one is undefined.
objc[65398]: Class AppleTypeCRetimerFirmwareCopier is implemented in both /usr/lib/libauthinstall.dylib (0x20229f598) and /Library/Apple/System/Library/PrivateFrameworks/MobileDevice.framework/Versions/A/MobileDevice (0x108684638). One of the two will be used. Which one is undefined.
objc[65398]: Class ATCRTRestoreInfoFTABSubfile is implemented in both /usr/lib/libauthinstall.dylib (0x20229f5e8) and /Library/Apple/System/Library/PrivateFrameworks/MobileDevice.framework/Versions/A/MobileDevice (0x108684688). One of the two will be used. Which one is undefined.
xcodebuild: error: Initialization failed.
	Reason: No macOS Platform was found, but Xcode requires a macOS Platform. You may have an incomplete or damaged installation of Xcode.
cc: error: sh -c '/Applications/Xcode.app/Contents/Developer/usr/bin/xcodebuild -sdk macosx -find clang 2> /dev/null' failed with exit code 17920: (null) (errno=No such file or directory)
xcode-select: Failed to locate 'clang', requesting installation of command line developer tools.


Compiling the C compiler identification source file "CMakeCCompilerId.c" failed.
Compiler: /usr/bin/cc 
Build flags: 
Id flags: -Aa 

The output was:
72
cc: error: unable to locate a suitable SDK for the system
objc[65404]: Class AppleTypeCRetimerRestoreInfoHelper is implemented in both /usr/lib/libauthinstall.dylib (0x20229f458) and /Library/Apple/System/Library/PrivateFrameworks/MobileDevice.framework/Versions/A/MobileDevice (0x1068d44f8). One of the two will be used. Which one is undefined.
objc[65404]: Class AppleTypeCRetimerFirmwareAggregateRequestCreator is implemented in both /usr/lib/libauthinstall.dylib (0x20229f4a8) and /Library/Apple/System/Library/PrivateFrameworks/MobileDevice.framework/Versions/A/MobileDevice (0x1068d4548). One of the two will be used. Which one is undefined.
objc[65404]: Class AppleTypeCRetimerFirmwareRequestCreator is implemented in both /usr/lib/libauthinstall.dylib (0x20229f4f8) and /Library/Apple/System/Library/PrivateFrameworks/MobileDevice.framework/Versions/A/MobileDevice (0x1068d4598). One of the two will be used. Which one is undefined.
objc[65404]: Class ATCRTRestoreInfoFTABFile is implemented in both /usr/lib/libauthinstall.dylib (0x20229f548) and /Library/Apple/System/Library/PrivateFrameworks/MobileDevice.framework/Versions/A/MobileDevice (0x1068d45e8). One of the two will be used. Which one is undefined.
objc[65404]: Class AppleTypeCRetimerFirmwareCopier is implemented in both /usr/lib/libauthinstall.dylib (0x20229f598) and /Library/Apple/System/Library/PrivateFrameworks/MobileDevice.framework/Versions/A/MobileDevice (0x1068d4638). One of the two will be used. Which one is undefined.
objc[65404]: Class ATCRTRestoreInfoFTABSubfile is implemented in both /usr/lib/libauthinstall.dylib (0x20229f5e8) and /Library/Apple/System/Library/PrivateFrameworks/MobileDevice.framework/Versions/A/MobileDevice (0x1068d4688). One of the two will be used. Which one is undefined.
xcodebuild: error: Initialization failed.
	Reason: No macOS Platform was found, but Xcode requires a macOS Platform. You may have an incomplete or damaged installation of Xcode.
cc: error: sh -c '/Applications/Xcode.app/Contents/Developer/usr/bin/xcodebuild -sdk macosx -find clang 2> /dev/null' failed with exit code 17920: (null) (errno=No such file or directory)
xcode-select: Failed to locate 'clang', requesting installation of command line developer tools.


Compiling the C compiler identification source file "CMakeCCompilerId.c" failed.
Compiler: /usr/bin/cc 
Build flags: 
Id flags: -D__CLASSIC_C__ 

The output was:
72
cc: error: unable to locate a suitable SDK for the system
objc[65408]: Class AppleTypeCRetimerRestoreInfoHelper is implemented in both /usr/lib/libauthinstall.dylib (0x20229f458) and /Library/Apple/System/Library/PrivateFrameworks/MobileDevice.framework/Versions/A/MobileDevice (0x105fa44f8). One of the two will be used. Which one is undefined.
objc[65408]: Class AppleTypeCRetimerFirmwareAggregateRequestCreator is implemented in both /usr/lib/libauthinstall.dylib (0x20229f4a8) and /Library/Apple/System/Library/PrivateFrameworks/MobileDevice.framework/Versions/A/MobileDevice (0x105fa4548). One of the two will be used. Which one is undefined.
objc[65408]: Class AppleTypeCRetimerFirmwareRequestCreator is implemented in both /usr/lib/libauthinstall.dylib (0x20229f4f8) and /Library/Apple/System/Library/PrivateFrameworks/MobileDevice.framework/Versions/A/MobileDevice (0x105fa4598). One of the two will be used. Which one is undefined.
objc[65408]: Class ATCRTRestoreInfoFTABFile is implemented in both /usr/lib/libauthinstall.dylib (0x20229f548) and /Library/Apple/System/Library/PrivateFrameworks/MobileDevice.framework/Versions/A/MobileDevice (0x105fa45e8). One of the two will be used. Which one is undefined.
objc[65408]: Class AppleTypeCRetimerFirmwareCopier is implemented in both /usr/lib/libauthinstall.dylib (0x20229f598) and /Library/Apple/System/Library/PrivateFrameworks/MobileDevice.framework/Versions/A/MobileDevice (0x105fa4638). One of the two will be used. Which one is undefined.
objc[65408]: Class ATCRTRestoreInfoFTABSubfile is implemented in both /usr/lib/libauthinstall.dylib (0x20229f5e8) and /Library/Apple/System/Library/PrivateFrameworks/MobileDevice.framework/Versions/A/MobileDevice (0x105fa4688). One of the two will be used. Which one is undefined.
xcodebuild: error: Initialization failed.
	Reason: No macOS Platform was found, but Xcode requires a macOS Platform. You may have an incomplete or damaged installation of Xcode.
cc: error: sh -c '/Applications/Xcode.app/Contents/Developer/usr/bin/xcodebuild -sdk macosx -find clang 2> /dev/null' failed with exit code 17920: (null) (errno=No such file or directory)
xcode-select: Failed to locate 'clang', requesting installation of command line developer tools.


Compiling the C compiler identification source file "CMakeCCompilerId.c" failed.
Compiler: /usr/bin/cc 
Build flags: 
Id flags: --target=arm-arm-none-eabi;-mcpu=cortex-m3 

The output was:
72
cc: error: unable to locate a suitable SDK for the system
objc[65419]: Class AppleTypeCRetimerRestoreInfoHelper is implemented in both /usr/lib/libauthinstall.dylib (0x20229f458) and /Library/Apple/System/Library/PrivateFrameworks/MobileDevice.framework/Versions/A/MobileDevice (0x1042d44f8). One of the two will be used. Which one is undefined.
objc[65419]: Class AppleTypeCRetimerFirmwareAggregateRequestCreator is implemented in both /usr/lib/libauthinstall.dylib (0x20229f4a8) and /Library/Apple/System/Library/PrivateFrameworks/MobileDevice.framework/Versions/A/MobileDevice (0x1042d4548). One of the two will be used. Which one is undefined.
objc[65419]: Class AppleTypeCRetimerFirmwareRequestCreator is implemented in both /usr/lib/libauthinstall.dylib (0x20229f4f8) and /Library/Apple/System/Library/PrivateFrameworks/MobileDevice.framework/Versions/A/MobileDevice (0x1042d4598). One of the two will be used. Which one is undefined.
objc[65419]: Class ATCRTRestoreInfoFTABFile is implemented in both /usr/lib/libauthinstall.dylib (0x20229f548) and /Library/Apple/System/Library/PrivateFrameworks/MobileDevice.framework/Versions/A/MobileDevice (0x1042d45e8). One of the two will be used. Which one is undefined.
objc[65419]: Class AppleTypeCRetimerFirmwareCopier is implemented in both /usr/lib/libauthinstall.dylib (0x20229f598) and /Library/Apple/System/Library/PrivateFrameworks/MobileDevice.framework/Versions/A/MobileDevice (0x1042d4638). One of the two will be used. Which one is undefined.
objc[65419]: Class ATCRTRestoreInfoFTABSubfile is implemented in both /usr/lib/libauthinstall.dylib (0x20229f5e8) and /Library/Apple/System/Library/PrivateFrameworks/MobileDevice.framework/Versions/A/MobileDevice (0x1042d4688). One of the two will be used. Which one is undefined.
xcodebuild: error: Initialization failed.
	Reason: No macOS Platform was found, but Xcode requires a macOS Platform. You may have an incomplete or damaged installation of Xcode.
cc: error: sh -c '/Applications/Xcode.app/Contents/Developer/usr/bin/xcodebuild -sdk macosx -find clang 2> /dev/null' failed with exit code 17920: (null) (errno=No such file or directory)
xcode-select: Failed to locate 'clang', requesting installation of command line developer tools.


Compiling the C compiler identification source file "CMakeCCompilerId.c" failed.
Compiler: /usr/bin/cc 
Build flags: 
Id flags: -c;-I__does_not_exist__ 

The output was:
72
cc: error: unable to locate a suitable SDK for the system
objc[65423]: Class AppleTypeCRetimerRestoreInfoHelper is implemented in both /usr/lib/libauthinstall.dylib (0x20229f458) and /Library/Apple/System/Library/PrivateFrameworks/MobileDevice.framework/Versions/A/MobileDevice (0x107fb84f8). One of the two will be used. Which one is undefined.
objc[65423]: Class AppleTypeCRetimerFirmwareAggregateRequestCreator is implemented in both /usr/lib/libauthinstall.dylib (0x20229f4a8) and /Library/Apple/System/Library/PrivateFrameworks/MobileDevice.framework/Versions/A/MobileDevice (0x107fb8548). One of the two will be used. Which one is undefined.
objc[65423]: Class AppleTypeCRetimerFirmwareRequestCreator is implemented in both /usr/lib/libauthinstall.dylib (0x20229f4f8) and /Library/Apple/System/Library/PrivateFrameworks/MobileDevice.framework/Versions/A/MobileDevice (0x107fb8598). One of the two will be used. Which one is undefined.
objc[65423]: Class ATCRTRestoreInfoFTABFile is implemented in both /usr/lib/libauthinstall.dylib (0x20229f548) and /Library/Apple/System/Library/PrivateFrameworks/MobileDevice.framework/Versions/A/MobileDevice (0x107fb85e8). One of the two will be used. Which one is undefined.
objc[65423]: Class AppleTypeCRetimerFirmwareCopier is implemented in both /usr/lib/libauthinstall.dylib (0x20229f598) and /Library/Apple/System/Library/PrivateFrameworks/MobileDevice.framework/Versions/A/MobileDevice (0x107fb8638). One of the two will be used. Which one is undefined.
objc[65423]: Class ATCRTRestoreInfoFTABSubfile is implemented in both /usr/lib/libauthinstall.dylib (0x20229f5e8) and /Library/Apple/System/Library/PrivateFrameworks/MobileDevice.framework/Versions/A/MobileDevice (0x107fb8688). One of the two will be used. Which one is undefined.
xcodebuild: error: Initialization failed.
	Reason: No macOS Platform was found, but Xcode requires a macOS Platform. You may have an incomplete or damaged installation of Xcode.
cc: error: sh -c '/Applications/Xcode.app/Contents/Developer/usr/bin/xcodebuild -sdk macosx -find clang 2> /dev/null' failed with exit code 17920: (null) (errno=No such file or directory)
xcode-select: Failed to locate 'clang', requesting installation of command line developer tools.


Compiling the C compiler identification source file "CMakeCCompilerId.c" failed.
Compiler: /usr/bin/cc 
Build flags: 
Id flags:  

The output was:
72
cc: error: unable to locate a suitable SDK for the system
objc[65427]: Class AppleTypeCRetimerRestoreInfoHelper is implemented in both /usr/lib/libauthinstall.dylib (0x20229f458) and /Library/Apple/System/Library/PrivateFrameworks/MobileDevice.framework/Versions/A/MobileDevice (0x1063fc4f8). One of the two will be used. Which one is undefined.
objc[65427]: Class AppleTypeCRetimerFirmwareAggregateRequestCreator is implemented in both /usr/lib/libauthinstall.dylib (0x20229f4a8) and /Library/Apple/System/Library/PrivateFrameworks/MobileDevice.framework/Versions/A/MobileDevice (0x1063fc548). One of the two will be used. Which one is undefined.
objc[65427]: Class AppleTypeCRetimerFirmwareRequestCreator is implemented in both /usr/lib/libauthinstall.dylib (0x20229f4f8) and /Library/Apple/System/Library/PrivateFrameworks/MobileDevice.framework/Versions/A/MobileDevice (0x1063fc598). One of the two will be used. Which one is undefined.
objc[65427]: Class ATCRTRestoreInfoFTABFile is implemented in both /usr/lib/libauthinstall.dylib (0x20229f548) and /Library/Apple/System/Library/PrivateFrameworks/MobileDevice.framework/Versions/A/MobileDevice (0x1063fc5e8). One of the two will be used. Which one is undefined.
objc[65427]: Class AppleTypeCRetimerFirmwareCopier is implemented in both /usr/lib/libauthinstall.dylib (0x20229f598) and /Library/Apple/System/Library/PrivateFrameworks/MobileDevice.framework/Versions/A/MobileDevice (0x1063fc638). One of the two will be used. Which one is undefined.
objc[65427]: Class ATCRTRestoreInfoFTABSubfile is implemented in both /usr/lib/libauthinstall.dylib (0x20229f5e8) and /Library/Apple/System/Library/PrivateFrameworks/MobileDevice.framework/Versions/A/MobileDevice (0x1063fc688). One of the two will be used. Which one is undefined.
xcodebuild: error: Initialization failed.
	Reason: No macOS Platform was found, but Xcode requires a macOS Platform. You may have an incomplete or damaged installation of Xcode.
cc: error: sh -c '/Applications/Xcode.app/Contents/Developer/usr/bin/xcodebuild -sdk macosx -find clang 2> /dev/null' failed with exit code 17920: (null) (errno=No such file or directory)
xcode-select: Failed to locate 'clang', requesting installation of command line developer tools.


Compiling the C compiler identification source file "CMakeCCompilerId.c" failed.
Compiler: /usr/bin/cc 
Build flags: 
Id flags: -c 

The output was:
72
cc: error: unable to locate a suitable SDK for the system
objc[65432]: Class AppleTypeCRetimerRestoreInfoHelper is implemented in both /usr/lib/libauthinstall.dylib (0x20229f458) and /Library/Apple/System/Library/PrivateFrameworks/MobileDevice.framework/Versions/A/MobileDevice (0x108ad04f8). One of the two will be used. Which one is undefined.
objc[65432]: Class AppleTypeCRetimerFirmwareAggregateRequestCreator is implemented in both /usr/lib/libauthinstall.dylib (0x20229f4a8) and /Library/Apple/System/Library/PrivateFrameworks/MobileDevice.framework/Versions/A/MobileDevice (0x108ad0548). One of the two will be used. Which one is undefined.
objc[65432]: Class AppleTypeCRetimerFirmwareRequestCreator is implemented in both /usr/lib/libauthinstall.dylib (0x20229f4f8) and /Library/Apple/System/Library/PrivateFrameworks/MobileDevice.framework/Versions/A/MobileDevice (0x108ad0598). One of the two will be used. Which one is undefined.
objc[65432]: Class ATCRTRestoreInfoFTABFile is implemented in both /usr/lib/libauthinstall.dylib (0x20229f548) and /Library/Apple/System/Library/PrivateFrameworks/MobileDevice.framework/Versions/A/MobileDevice (0x108ad05e8). One of the two will be used. Which one is undefined.
objc[65432]: Class AppleTypeCRetimerFirmwareCopier is implemented in both /usr/lib/libauthinstall.dylib (0x20229f598) and /Library/Apple/System/Library/PrivateFrameworks/MobileDevice.framework/Versions/A/MobileDevice (0x108ad0638). One of the two will be used. Which one is undefined.
objc[65432]: Class ATCRTRestoreInfoFTABSubfile is implemented in both /usr/lib/libauthinstall.dylib (0x20229f5e8) and /Library/Apple/System/Library/PrivateFrameworks/MobileDevice.framework/Versions/A/MobileDevice (0x108ad0688). One of the two will be used. Which one is undefined.
xcodebuild: error: Initialization failed.
	Reason: No macOS Platform was found, but Xcode requires a macOS Platform. You may have an incomplete or damaged installation of Xcode.
cc: error: sh -c '/Applications/Xcode.app/Contents/Developer/usr/bin/xcodebuild -sdk macosx -find clang 2> /dev/null' failed with exit code 17920: (null) (errno=No such file or directory)
xcode-select: Failed to locate 'clang', requesting installation of command line developer tools.


Compiling the C compiler identification source file "CMakeCCompilerId.c" failed.
Compiler: /usr/bin/cc 
Build flags: 
Id flags: -Aa 

The output was:
72
cc: error: unable to locate a suitable SDK for the system
objc[65436]: Class AppleTypeCRetimerRestoreInfoHelper is implemented in both /usr/lib/libauthinstall.dylib (0x20229f458) and /Library/Apple/System/Library/PrivateFrameworks/MobileDevice.framework/Versions/A/MobileDevice (0x1086ec4f8). One of the two will be used. Which one is undefined.
objc[65436]: Class AppleTypeCRetimerFirmwareAggregateRequestCreator is implemented in both /usr/lib/libauthinstall.dylib (0x20229f4a8) and /Library/Apple/System/Library/PrivateFrameworks/MobileDevice.framework/Versions/A/MobileDevice (0x1086ec548). One of the two will be used. Which one is undefined.
objc[65436]: Class AppleTypeCRetimerFirmwareRequestCreator is implemented in both /usr/lib/libauthinstall.dylib (0x20229f4f8) and /Library/Apple/System/Library/PrivateFrameworks/MobileDevice.framework/Versions/A/MobileDevice (0x1086ec598). One of the two will be used. Which one is undefined.
objc[65436]: Class ATCRTRestoreInfoFTABFile is implemented in both /usr/lib/libauthinstall.dylib (0x20229f548) and /Library/Apple/System/Library/PrivateFrameworks/MobileDevice.framework/Versions/A/MobileDevice (0x1086ec5e8). One of the two will be used. Which one is undefined.
objc[65436]: Class AppleTypeCRetimerFirmwareCopier is implemented in both /usr/lib/libauthinstall.dylib (0x20229f598) and /Library/Apple/System/Library/PrivateFrameworks/MobileDevice.framework/Versions/A/MobileDevice (0x1086ec638). One of the two will be used. Which one is undefined.
objc[65436]: Class ATCRTRestoreInfoFTABSubfile is implemented in both /usr/lib/libauthinstall.dylib (0x20229f5e8) and /Library/Apple/System/Library/PrivateFrameworks/MobileDevice.framework/Versions/A/MobileDevice (0x1086ec688). One of the two will be used. Which one is undefined.
xcodebuild: error: Initialization failed.
	Reason: No macOS Platform was found, but Xcode requires a macOS Platform. You may have an incomplete or damaged installation of Xcode.
cc: error: sh -c '/Applications/Xcode.app/Contents/Developer/usr/bin/xcodebuild -sdk macosx -find clang 2> /dev/null' failed with exit code 17920: (null) (errno=No such file or directory)
xcode-select: Failed to locate 'clang', requesting installation of command line developer tools.


Compiling the C compiler identification source file "CMakeCCompilerId.c" failed.
Compiler: /usr/bin/cc 
Build flags: 
Id flags: -D__CLASSIC_C__ 

The output was:
72
cc: error: unable to locate a suitable SDK for the system
objc[65446]: Class AppleTypeCRetimerRestoreInfoHelper is implemented in both /usr/lib/libauthinstall.dylib (0x20229f458) and /Library/Apple/System/Library/PrivateFrameworks/MobileDevice.framework/Versions/A/MobileDevice (0x1085bc4f8). One of the two will be used. Which one is undefined.
objc[65446]: Class AppleTypeCRetimerFirmwareAggregateRequestCreator is implemented in both /usr/lib/libauthinstall.dylib (0x20229f4a8) and /Library/Apple/System/Library/PrivateFrameworks/MobileDevice.framework/Versions/A/MobileDevice (0x1085bc548). One of the two will be used. Which one is undefined.
objc[65446]: Class AppleTypeCRetimerFirmwareRequestCreator is implemented in both /usr/lib/libauthinstall.dylib (0x20229f4f8) and /Library/Apple/System/Library/PrivateFrameworks/MobileDevice.framework/Versions/A/MobileDevice (0x1085bc598). One of the two will be used. Which one is undefined.
objc[65446]: Class ATCRTRestoreInfoFTABFile is implemented in both /usr/lib/libauthinstall.dylib (0x20229f548) and /Library/Apple/System/Library/PrivateFrameworks/MobileDevice.framework/Versions/A/MobileDevice (0x1085bc5e8). One of the two will be used. Which one is undefined.
objc[65446]: Class AppleTypeCRetimerFirmwareCopier is implemented in both /usr/lib/libauthinstall.dylib (0x20229f598) and /Library/Apple/System/Library/PrivateFrameworks/MobileDevice.framework/Versions/A/MobileDevice (0x1085bc638). One of the two will be used. Which one is undefined.
objc[65446]: Class ATCRTRestoreInfoFTABSubfile is implemented in both /usr/lib/libauthinstall.dylib (0x20229f5e8) and /Library/Apple/System/Library/PrivateFrameworks/MobileDevice.framework/Versions/A/MobileDevice (0x1085bc688). One of the two will be used. Which one is undefined.
xcodebuild: error: Initialization failed.
	Reason: No macOS Platform was found, but Xcode requires a macOS Platform. You may have an incomplete or damaged installation of Xcode.
cc: error: sh -c '/Applications/Xcode.app/Contents/Developer/usr/bin/xcodebuild -sdk macosx -find clang 2> /dev/null' failed with exit code 17920: (null) (errno=No such file or directory)
xcode-select: Failed to locate 'clang', requesting installation of command line developer tools.


Compiling the C compiler identification source file "CMakeCCompilerId.c" failed.
Compiler: /usr/bin/cc 
Build flags: 
Id flags: --target=arm-arm-none-eabi;-mcpu=cortex-m3 

The output was:
72
cc: error: unable to locate a suitable SDK for the system
objc[65453]: Class AppleTypeCRetimerRestoreInfoHelper is implemented in both /usr/lib/libauthinstall.dylib (0x20229f458) and /Library/Apple/System/Library/PrivateFrameworks/MobileDevice.framework/Versions/A/MobileDevice (0x1082e44f8). One of the two will be used. Which one is undefined.
objc[65453]: Class AppleTypeCRetimerFirmwareAggregateRequestCreator is implemented in both /usr/lib/libauthinstall.dylib (0x20229f4a8) and /Library/Apple/System/Library/PrivateFrameworks/MobileDevice.framework/Versions/A/MobileDevice (0x1082e4548). One of the two will be used. Which one is undefined.
objc[65453]: Class AppleTypeCRetimerFirmwareRequestCreator is implemented in both /usr/lib/libauthinstall.dylib (0x20229f4f8) and /Library/Apple/System/Library/PrivateFrameworks/MobileDevice.framework/Versions/A/MobileDevice (0x1082e4598). One of the two will be used. Which one is undefined.
objc[65453]: Class ATCRTRestoreInfoFTABFile is implemented in both /usr/lib/libauthinstall.dylib (0x20229f548) and /Library/Apple/System/Library/PrivateFrameworks/MobileDevice.framework/Versions/A/MobileDevice (0x1082e45e8). One of the two will be used. Which one is undefined.
objc[65453]: Class AppleTypeCRetimerFirmwareCopier is implemented in both /usr/lib/libauthinstall.dylib (0x20229f598) and /Library/Apple/System/Library/PrivateFrameworks/MobileDevice.framework/Versions/A/MobileDevice (0x1082e4638). One of the two will be used. Which one is undefined.
objc[65453]: Class ATCRTRestoreInfoFTABSubfile is implemented in both /usr/lib/libauthinstall.dylib (0x20229f5e8) and /Library/Apple/System/Library/PrivateFrameworks/MobileDevice.framework/Versions/A/MobileDevice (0x1082e4688). One of the two will be used. Which one is undefined.
xcodebuild: error: Initialization failed.
	Reason: No macOS Platform was found, but Xcode requires a macOS Platform. You may have an incomplete or damaged installation of Xcode.
cc: error: sh -c '/Applications/Xcode.app/Contents/Developer/usr/bin/xcodebuild -sdk macosx -find clang 2> /dev/null' failed with exit code 17920: (null) (errno=No such file or directory)
xcode-select: Failed to locate 'clang', requesting installation of command line developer tools.


Compiling the C compiler identification source file "CMakeCCompilerId.c" failed.
Compiler: /usr/bin/cc 
Build flags: 
Id flags: -c;-I__does_not_exist__ 

The output was:
72
cc: error: unable to locate a suitable SDK for the system
objc[65485]: Class AppleTypeCRetimerRestoreInfoHelper is implemented in both /usr/lib/libauthinstall.dylib (0x20229f458) and /Library/Apple/System/Library/PrivateFrameworks/MobileDevice.framework/Versions/A/MobileDevice (0x1081c84f8). One of the two will be used. Which one is undefined.
objc[65485]: Class AppleTypeCRetimerFirmwareAggregateRequestCreator is implemented in both /usr/lib/libauthinstall.dylib (0x20229f4a8) and /Library/Apple/System/Library/PrivateFrameworks/MobileDevice.framework/Versions/A/MobileDevice (0x1081c8548). One of the two will be used. Which one is undefined.
objc[65485]: Class AppleTypeCRetimerFirmwareRequestCreator is implemented in both /usr/lib/libauthinstall.dylib (0x20229f4f8) and /Library/Apple/System/Library/PrivateFrameworks/MobileDevice.framework/Versions/A/MobileDevice (0x1081c8598). One of the two will be used. Which one is undefined.
objc[65485]: Class ATCRTRestoreInfoFTABFile is implemented in both /usr/lib/libauthinstall.dylib (0x20229f548) and /Library/Apple/System/Library/PrivateFrameworks/MobileDevice.framework/Versions/A/MobileDevice (0x1081c85e8). One of the two will be used. Which one is undefined.
objc[65485]: Class AppleTypeCRetimerFirmwareCopier is implemented in both /usr/lib/libauthinstall.dylib (0x20229f598) and /Library/Apple/System/Library/PrivateFrameworks/MobileDevice.framework/Versions/A/MobileDevice (0x1081c8638). One of the two will be used. Which one is undefined.
objc[65485]: Class ATCRTRestoreInfoFTABSubfile is implemented in both /usr/lib/libauthinstall.dylib (0x20229f5e8) and /Library/Apple/System/Library/PrivateFrameworks/MobileDevice.framework/Versions/A/MobileDevice (0x1081c8688). One of the two will be used. Which one is undefined.
xcodebuild: error: Initialization failed.
	Reason: No macOS Platform was found, but Xcode requires a macOS Platform. You may have an incomplete or damaged installation of Xcode.
cc: error: sh -c '/Applications/Xcode.app/Contents/Developer/usr/bin/xcodebuild -sdk macosx -find clang 2> /dev/null' failed with exit code 17920: (null) (errno=No such file or directory)
xcode-select: Failed to locate 'clang', requesting installation of command line developer tools.


Checking whether the C compiler is IAR using "" did not match "IAR .+ Compiler":
cc: error: unable to locate a suitable SDK for the system
objc[65500]: Class AppleTypeCRetimerRestoreInfoHelper is implemented in both /usr/lib/libauthinstall.dylib (0x20229f458) and /Library/Apple/System/Library/PrivateFrameworks/MobileDevice.framework/Versions/A/MobileDevice (0x1043984f8). One of the two will be used. Which one is undefined.
objc[65500]: Class AppleTypeCRetimerFirmwareAggregateRequestCreator is implemented in both /usr/lib/libauthinstall.dylib (0x20229f4a8) and /Library/Apple/System/Library/PrivateFrameworks/MobileDevice.framework/Versions/A/MobileDevice (0x104398548). One of the two will be used. Which one is undefined.
objc[65500]: Class AppleTypeCRetimerFirmwareRequestCreator is implemented in both /usr/lib/libauthinstall.dylib (0x20229f4f8) and /Library/Apple/System/Library/PrivateFrameworks/MobileDevice.framework/Versions/A/MobileDevice (0x104398598). One of the two will be used. Which one is undefined.
objc[65500]: Class ATCRTRestoreInfoFTABFile is implemented in both /usr/lib/libauthinstall.dylib (0x20229f548) and /Library/Apple/System/Library/PrivateFrameworks/MobileDevice.framework/Versions/A/MobileDevice (0x1043985e8). One of the two will be used. Which one is undefined.
objc[65500]: Class AppleTypeCRetimerFirmwareCopier is implemented in both /usr/lib/libauthinstall.dylib (0x20229f598) and /Library/Apple/System/Library/PrivateFrameworks/MobileDevice.framework/Versions/A/MobileDevice (0x104398638). One of the two will be used. Which one is undefined.
objc[65500]: Class ATCRTRestoreInfoFTABSubfile is implemented in both /usr/lib/libauthinstall.dylib (0x20229f5e8) and /Library/Apple/System/Library/PrivateFrameworks/MobileDevice.framework/Versions/A/MobileDevice (0x104398688). One of the two will be used. Which one is undefined.
xcodebuild: error: Initialization failed.
	Reason: No macOS Platform was found, but Xcode requires a macOS Platform. You may have an incomplete or damaged installation of Xcode.
cc: error: sh -c '/Applications/Xcode.app/Contents/Developer/usr/bin/xcodebuild -sdk macosx -find clang 2> /dev/null' failed with exit code 17920: (null) (errno=No such file or directory)
xcode-select: Failed to locate 'clang', requesting installation of command line developer tools.
Checking whether the C compiler is IAR using "" did not match "IAR .+ Compiler":
cc: error: unable to locate a suitable SDK for the system
objc[65511]: Class AppleTypeCRetimerRestoreInfoHelper is implemented in both /usr/lib/libauthinstall.dylib (0x20229f458) and /Library/Apple/System/Library/PrivateFrameworks/MobileDevice.framework/Versions/A/MobileDevice (0x1043b84f8). One of the two will be used. Which one is undefined.
objc[65511]: Class AppleTypeCRetimerFirmwareAggregateRequestCreator is implemented in both /usr/lib/libauthinstall.dylib (0x20229f4a8) and /Library/Apple/System/Library/PrivateFrameworks/MobileDevice.framework/Versions/A/MobileDevice (0x1043b8548). One of the two will be used. Which one is undefined.
objc[65511]: Class AppleTypeCRetimerFirmwareRequestCreator is implemented in both /usr/lib/libauthinstall.dylib (0x20229f4f8) and /Library/Apple/System/Library/PrivateFrameworks/MobileDevice.framework/Versions/A/MobileDevice (0x1043b8598). One of the two will be used. Which one is undefined.
objc[65511]: Class ATCRTRestoreInfoFTABFile is implemented in both /usr/lib/libauthinstall.dylib (0x20229f548) and /Library/Apple/System/Library/PrivateFrameworks/MobileDevice.framework/Versions/A/MobileDevice (0x1043b85e8). One of the two will be used. Which one is undefined.
objc[65511]: Class AppleTypeCRetimerFirmwareCopier is implemented in both /usr/lib/libauthinstall.dylib (0x20229f598) and /Library/Apple/System/Library/PrivateFrameworks/MobileDevice.framework/Versions/A/MobileDevice (0x1043b8638). One of the two will be used. Which one is undefined.
objc[65511]: Class ATCRTRestoreInfoFTABSubfile is implemented in both /usr/lib/libauthinstall.dylib (0x20229f5e8) and /Library/Apple/System/Library/PrivateFrameworks/MobileDevice.framework/Versions/A/MobileDevice (0x1043b8688). One of the two will be used. Which one is undefined.
xcodebuild: error: Initialization failed.
	Reason: No macOS Platform was found, but Xcode requires a macOS Platform. You may have an incomplete or damaged installation of Xcode.
cc: error: sh -c '/Applications/Xcode.app/Contents/Developer/usr/bin/xcodebuild -sdk macosx -find clang 2> /dev/null' failed with exit code 17920: (null) (errno=No such file or directory)
xcode-select: Failed to locate 'clang', requesting installation of command line developer tools.
Detecting C compiler ABI info failed to compile with the following output:
Change Dir: /Users/lanyun/CLionProjects/PushBox/cmake-build-debug/CMakeFiles/CMakeTmp

Run Build Command(s):/Applications/CLion.app/Contents/bin/ninja/mac/ninja cmTC_87306 && [1/2] Building C object CMakeFiles/cmTC_87306.dir/CMakeCCompilerABI.c.o
FAILED: CMakeFiles/cmTC_87306.dir/CMakeCCompilerABI.c.o 
/usr/bin/cc   -arch arm64 -o CMakeFiles/cmTC_87306.dir/CMakeCCompilerABI.c.o -c /Applications/CLion.app/Contents/bin/cmake/mac/share/cmake-3.22/Modules/CMakeCCompilerABI.c
cc: error: unable to locate a suitable SDK for the system
objc[65538]: Class AppleTypeCRetimerRestoreInfoHelper is implemented in both /usr/lib/libauthinstall.dylib (0x20229f458) and /Library/Apple/System/Library/PrivateFrameworks/MobileDevice.framework/Versions/A/MobileDevice (0x1063004f8). One of the two will be used. Which one is undefined.
objc[65538]: Class AppleTypeCRetimerFirmwareAggregateRequestCreator is implemented in both /usr/lib/libauthinstall.dylib (0x20229f4a8) and /Library/Apple/System/Library/PrivateFrameworks/MobileDevice.framework/Versions/A/MobileDevice (0x106300548). One of the two will be used. Which one is undefined.
objc[65538]: Class AppleTypeCRetimerFirmwareRequestCreator is implemented in both /usr/lib/libauthinstall.dylib (0x20229f4f8) and /Library/Apple/System/Library/PrivateFrameworks/MobileDevice.framework/Versions/A/MobileDevice (0x106300598). One of the two will be used. Which one is undefined.
objc[65538]: Class ATCRTRestoreInfoFTABFile is implemented in both /usr/lib/libauthinstall.dylib (0x20229f548) and /Library/Apple/System/Library/PrivateFrameworks/MobileDevice.framework/Versions/A/MobileDevice (0x1063005e8). One of the two will be used. Which one is undefined.
objc[65538]: Class AppleTypeCRetimerFirmwareCopier is implemented in both /usr/lib/libauthinstall.dylib (0x20229f598) and /Library/Apple/System/Library/PrivateFrameworks/MobileDevice.framework/Versions/A/MobileDevice (0x106300638). One of the two will be used. Which one is undefined.
objc[65538]: Class ATCRTRestoreInfoFTABSubfile is implemented in both /usr/lib/libauthinstall.dylib (0x20229f5e8) and /Library/Apple/System/Library/PrivateFrameworks/MobileDevice.framework/Versions/A/MobileDevice (0x106300688). One of the two will be used. Which one is undefined.
xcodebuild: error: Initialization failed.
	Reason: No macOS Platform was found, but Xcode requires a macOS Platform. You may have an incomplete or damaged installation of Xcode.
cc: error: sh -c '/Applications/Xcode.app/Contents/Developer/usr/bin/xcodebuild -sdk macosx -find clang 2> /dev/null' failed with exit code 17920: (null) (errno=No such file or directory)
xcode-select: Failed to locate 'clang', requesting installation of command line developer tools.
ninja: build stopped: subcommand failed.




Determining if the C compiler works failed with the following output:
Change Dir: /Users/lanyun/CLionProjects/PushBox/cmake-build-debug/CMakeFiles/CMakeTmp

Run Build Command(s):/Applications/CLion.app/Contents/bin/ninja/mac/ninja cmTC_b23bf && [1/2] Building C object CMakeFiles/cmTC_b23bf.dir/testCCompiler.c.o
FAILED: CMakeFiles/cmTC_b23bf.dir/testCCompiler.c.o 
/usr/bin/cc   -arch arm64 -o CMakeFiles/cmTC_b23bf.dir/testCCompiler.c.o -c /Users/lanyun/CLionProjects/PushBox/cmake-build-debug/CMakeFiles/CMakeTmp/testCCompiler.c
cc: error: unable to locate a suitable SDK for the system
objc[65549]: Class AppleTypeCRetimerRestoreInfoHelper is implemented in both /usr/lib/libauthinstall.dylib (0x20229f458) and /Library/Apple/System/Library/PrivateFrameworks/MobileDevice.framework/Versions/A/MobileDevice (0x1089144f8). One of the two will be used. Which one is undefined.
objc[65549]: Class AppleTypeCRetimerFirmwareAggregateRequestCreator is implemented in both /usr/lib/libauthinstall.dylib (0x20229f4a8) and /Library/Apple/System/Library/PrivateFrameworks/MobileDevice.framework/Versions/A/MobileDevice (0x108914548). One of the two will be used. Which one is undefined.
objc[65549]: Class AppleTypeCRetimerFirmwareRequestCreator is implemented in both /usr/lib/libauthinstall.dylib (0x20229f4f8) and /Library/Apple/System/Library/PrivateFrameworks/MobileDevice.framework/Versions/A/MobileDevice (0x108914598). One of the two will be used. Which one is undefined.
objc[65549]: Class ATCRTRestoreInfoFTABFile is implemented in both /usr/lib/libauthinstall.dylib (0x20229f548) and /Library/Apple/System/Library/PrivateFrameworks/MobileDevice.framework/Versions/A/MobileDevice (0x1089145e8). One of the two will be used. Which one is undefined.
objc[65549]: Class AppleTypeCRetimerFirmwareCopier is implemented in both /usr/lib/libauthinstall.dylib (0x20229f598) and /Library/Apple/System/Library/PrivateFrameworks/MobileDevice.framework/Versions/A/MobileDevice (0x108914638). One of the two will be used. Which one is undefined.
objc[65549]: Class ATCRTRestoreInfoFTABSubfile is implemented in both /usr/lib/libauthinstall.dylib (0x20229f5e8) and /Library/Apple/System/Library/PrivateFrameworks/MobileDevice.framework/Versions/A/MobileDevice (0x108914688). One of the two will be used. Which one is undefined.
xcodebuild: error: Initialization failed.
	Reason: No macOS Platform was found, but Xcode requires a macOS Platform. You may have an incomplete or damaged installation of Xcode.
cc: error: sh -c '/Applications/Xcode.app/Contents/Developer/usr/bin/xcodebuild -sdk macosx -find clang 2> /dev/null' failed with exit code 17920: (null) (errno=No such file or directory)
xcode-select: Failed to locate 'clang', requesting installation of command line developer tools.
ninja: build stopped: subcommand failed.



